[debug] [2022-06-10T14:46:25.489Z] ----------------------------------------------------------------------
[debug] [2022-06-10T14:46:25.491Z] Command:       C:\Program Files\nodejs\node.exe C:\Program Files\nodejs\node_modules\firebase-tools\lib\bin\firebase.js init
[debug] [2022-06-10T14:46:25.491Z] CLI Version:   11.0.1
[debug] [2022-06-10T14:46:25.491Z] Platform:      win32
[debug] [2022-06-10T14:46:25.491Z] Node Version:  v17.6.0
[debug] [2022-06-10T14:46:25.492Z] Time:          Fri Jun 10 2022 23:46:25 GMT+0900 (Japan Standard Time)
[debug] [2022-06-10T14:46:25.493Z] ----------------------------------------------------------------------
[debug] 
[debug] [2022-06-10T14:46:25.495Z] >>> [apiv2][query] GET https://firebase-public.firebaseio.com/cli.json [none]
[debug] [2022-06-10T14:46:25.578Z] > command requires scopes: ["email","openid","https://www.googleapis.com/auth/cloudplatformprojects.readonly","https://www.googleapis.com/auth/firebase","https://www.googleapis.com/auth/cloud-platform"]
[debug] [2022-06-10T14:46:25.578Z] > authorizing via signed-in user (imjoee24@gmail.com)
[info] 
     ######## #### ########  ######## ########     ###     ######  ########
     ##        ##  ##     ## ##       ##     ##  ##   ##  ##       ##
     ######    ##  ########  ######   ########  #########  ######  ######
     ##        ##  ##    ##  ##       ##     ## ##     ##       ## ##
     ##       #### ##     ## ######## ########  ##     ##  ######  ########

You're about to initialize a Firebase project in this directory:

  D:\Files\Google Drive\WebDesignProgramming\firebase\firebasepractice

[debug] [2022-06-10T14:46:26.043Z] <<< [apiv2][status] GET https://firebase-public.firebaseio.com/cli.json 200
[debug] [2022-06-10T14:46:26.043Z] <<< [apiv2][body] GET https://firebase-public.firebaseio.com/cli.json {"cloudBuildErrorAfter":1594252800000,"cloudBuildWarnAfter":1590019200000,"defaultNode10After":1594252800000,"minVersion":"3.0.5","node8DeploysDisabledAfter":1613390400000,"node8RuntimeDisabledAfter":1615809600000,"node8WarnAfter":1600128000000}
